2021-04-17 19:00:53,409   INFO        pid: 4252 server.py line: 70 Server started. port: 7777 , IP: .
2021-04-17 19:01:33,081   INFO        pid: 4252 server.py line: 92 Connection to ('127.0.0.1', 56356) established 
2021-04-17 19:01:33,581   DEBUG       pid: 4252 server.py line: 158 Message fom client : {'action': 'presence', 'time': 1618675293.0812788, 'user': {'account_name': 'aaa'}}
2021-04-17 19:01:34,122   DEBUG       pid: 4252 server.py line: 158 Message fom client : {'action': 'get_users', 'time': 1618675293.6245325, 'account_name': 'aaa'}
2021-04-17 19:01:34,627   DEBUG       pid: 4252 server.py line: 158 Message fom client : {'action': 'get_contacts', 'time': 1618675294.156759, 'user': 'aaa'}
2021-04-17 19:01:48,037   INFO        pid: 4252 server.py line: 92 Connection to ('127.0.0.1', 56357) established 
2021-04-17 19:01:48,537   DEBUG       pid: 4252 server.py line: 158 Message fom client : {'action': 'presence', 'time': 1618675308.0370317, 'user': {'account_name': 'bbb'}}
2021-04-17 19:01:49,075   DEBUG       pid: 4252 server.py line: 158 Message fom client : {'action': 'get_users', 'time': 1618675308.579548, 'account_name': 'bbb'}
2021-04-17 19:01:49,579   DEBUG       pid: 4252 server.py line: 158 Message fom client : {'action': 'get_contacts', 'time': 1618675309.111664, 'user': 'bbb'}
2021-04-17 19:02:06,603   DEBUG       pid: 4252 server.py line: 158 Message fom client : {'action': 'message', 'from': 'bbb', 'to': 'aaa', 'time': 1618675326.4224565, 'mess_text': 'ggggggggggggggggggggggggggg'}
2021-04-17 19:02:06,648   INFO        pid: 4252 server.py line: 149 Отправлено сообщение пользователю aaa от пользователя bbb.
2021-04-17 19:24:09,034   INFO        pid: 7956 server.py line: 70 Server started. port: 7777 , IP: .
2021-04-17 19:24:32,250   INFO        pid: 7956 server.py line: 92 Connection to ('127.0.0.1', 56396) established 
2021-04-17 19:24:32,751   DEBUG       pid: 7956 server.py line: 158 Message fom client : {'action': 'presence', 'time': 1618676672.2508829, 'user': {'account_name': 'aaa'}}
2021-04-17 19:24:33,291   DEBUG       pid: 7956 server.py line: 158 Message fom client : {'action': 'get_users', 'time': 1618676672.7930038, 'account_name': 'aaa'}
2021-04-17 19:24:33,800   DEBUG       pid: 7956 server.py line: 158 Message fom client : {'action': 'get_contacts', 'time': 1618676673.3315952, 'user': 'aaa'}
2021-04-17 19:24:42,022   INFO        pid: 7956 server.py line: 92 Connection to ('127.0.0.1', 56397) established 
2021-04-17 19:24:42,522   DEBUG       pid: 7956 server.py line: 158 Message fom client : {'action': 'presence', 'time': 1618676682.022416, 'user': {'account_name': 'bbb'}}
2021-04-17 19:24:43,057   DEBUG       pid: 7956 server.py line: 158 Message fom client : {'action': 'get_users', 'time': 1618676682.559661, 'account_name': 'bbb'}
2021-04-17 19:24:43,566   DEBUG       pid: 7956 server.py line: 158 Message fom client : {'action': 'get_contacts', 'time': 1618676683.09777, 'user': 'bbb'}
2021-04-17 19:25:01,092   DEBUG       pid: 7956 server.py line: 158 Message fom client : {'action': 'message', 'from': 'bbb', 'to': 'aaa', 'time': 1618676700.845699, 'mess_text': 'ccccccccccccccccccccccccccccccc'}
2021-04-17 19:25:01,132   INFO        pid: 7956 server.py line: 149 Отправлено сообщение пользователю aaa от пользователя bbb.
2021-04-17 19:25:20,145   DEBUG       pid: 7956 server.py line: 158 Message fom client : {'action': 'message', 'from': 'aaa', 'to': 'bbb', 'time': 1618676719.8696678, 'mess_text': 'xxxxxxxxxxxxxxxxxxxxxxxxxxxxxxxxxxxxxxxxxxxxxxx'}
2021-04-17 19:25:20,172   INFO        pid: 7956 server.py line: 149 Отправлено сообщение пользователю bbb от пользователя aaa.
2021-04-17 19:26:05,210   DEBUG       pid: 7956 server.py line: 158 Message fom client : {'action': 'exit', 'time': 1618676764.9604766, 'account_name': 'aaa'}
2021-04-17 19:26:19,880   INFO        pid: 7956 server.py line: 92 Connection to ('127.0.0.1', 56401) established 
2021-04-17 19:26:20,380   DEBUG       pid: 7956 server.py line: 158 Message fom client : {'action': 'presence', 'time': 1618676779.8805892, 'user': {'account_name': 'aaa'}}
2021-04-17 19:26:20,924   DEBUG       pid: 7956 server.py line: 158 Message fom client : {'action': 'get_users', 'time': 1618676780.4283597, 'account_name': 'aaa'}
2021-04-17 19:26:21,432   DEBUG       pid: 7956 server.py line: 158 Message fom client : {'action': 'get_contacts', 'time': 1618676780.967649, 'user': 'aaa'}
2021-04-17 19:27:17,495   DEBUG       pid: 7956 server.py line: 158 Message fom client : {'action': 'remove', 'time': 1618676837.2218442, 'user': 'bbb', 'account_name': 'aaa'}
2021-04-17 19:27:38,029   DEBUG       pid: 7956 server.py line: 158 Message fom client : {'action': 'add', 'time': 1618676858.0051253, 'user': 'bbb', 'account_name': 'aaa'}
2021-04-17 19:27:47,056   DEBUG       pid: 7956 server.py line: 158 Message fom client : {'action': 'message', 'from': 'bbb', 'to': 'aaa', 'time': 1618676866.8213599, 'mess_text': 'ssssssssssssssssssssssssssssss'}
2021-04-17 19:27:47,099   INFO        pid: 7956 server.py line: 149 Отправлено сообщение пользователю aaa от пользователя bbb.
2021-04-17 19:27:55,106   INFO        pid: 7956 server.py line: 112 Клиент ('127.0.0.1', 56401) отключился от сервера.
